0 info it worked if it ends with ok
1 verbose cli [ '/home/jacob/oppia/../oppia_tools/node-0.10.1/bin/node',
1 verbose cli   '/home/jacob/oppia_tools/node-0.10.1/bin/npm',
1 verbose cli   'install',
1 verbose cli   '-g',
1 verbose cli   'coffee-script@1.2.0' ]
2 info using npm@1.2.15
3 info using node@v0.10.1
4 verbose node symlink /home/jacob/oppia/../oppia_tools/node-0.10.1/bin/node
5 verbose read json /home/jacob/oppia_tools/node-0.10.1/lib/package.json
6 verbose read json /home/jacob/oppia_tools/node-0.10.1/lib/package.json
7 verbose cache add [ 'coffee-script@1.2.0', null ]
8 verbose cache add name=undefined spec="coffee-script@1.2.0" args=["coffee-script@1.2.0",null]
9 verbose parsed url { protocol: null,
9 verbose parsed url   slashes: null,
9 verbose parsed url   auth: null,
9 verbose parsed url   host: null,
9 verbose parsed url   port: null,
9 verbose parsed url   hostname: null,
9 verbose parsed url   hash: null,
9 verbose parsed url   search: null,
9 verbose parsed url   query: null,
9 verbose parsed url   pathname: 'coffee-script@1.2.0',
9 verbose parsed url   path: 'coffee-script@1.2.0',
9 verbose parsed url   href: 'coffee-script@1.2.0' }
10 verbose cache add name="coffee-script" spec="1.2.0" args=["coffee-script","1.2.0"]
11 verbose parsed url { protocol: null,
11 verbose parsed url   slashes: null,
11 verbose parsed url   auth: null,
11 verbose parsed url   host: null,
11 verbose parsed url   port: null,
11 verbose parsed url   hostname: null,
11 verbose parsed url   hash: null,
11 verbose parsed url   search: null,
11 verbose parsed url   query: null,
11 verbose parsed url   pathname: '1.2.0',
11 verbose parsed url   path: '1.2.0',
11 verbose parsed url   href: '1.2.0' }
12 verbose addNamed [ 'coffee-script', '1.2.0' ]
13 verbose addNamed [ '1.2.0', '1.2.0' ]
14 silly lockFile 1dae3b3d-coffee-script-1-2-0 coffee-script@1.2.0
15 verbose lock coffee-script@1.2.0 /home/jacob/.npm/1dae3b3d-coffee-script-1-2-0.lock
16 silly lockFile 1dae3b3d-coffee-script-1-2-0 coffee-script@1.2.0
17 error Error: EACCES, open '/home/jacob/.npm/1dae3b3d-coffee-script-1-2-0.lock'
17 error  { [Error: EACCES, open '/home/jacob/.npm/1dae3b3d-coffee-script-1-2-0.lock']
17 error   errno: 3,
17 error   code: 'EACCES',
17 error   path: '/home/jacob/.npm/1dae3b3d-coffee-script-1-2-0.lock' }
18 error Please try running this command again as root/Administrator.
19 error System Linux 3.8.0-29-generic
20 error command "/home/jacob/oppia/../oppia_tools/node-0.10.1/bin/node" "/home/jacob/oppia_tools/node-0.10.1/bin/npm" "install" "-g" "coffee-script@1.2.0"
21 error cwd /home/jacob/oppia
22 error node -v v0.10.1
23 error npm -v 1.2.15
24 error path /home/jacob/.npm/1dae3b3d-coffee-script-1-2-0.lock
25 error code EACCES
26 error errno 3
27 error stack Error: EACCES, open '/home/jacob/.npm/1dae3b3d-coffee-script-1-2-0.lock'
28 verbose exit [ 3, true ]
